<?xml version="1.0" encoding="UTF-8" ?>
<testsuite name = "Test Results" tests = "17">
    
</testsuite>