<?xml version="1.0" encoding="UTF-8"?><testrun duration="7" footerText="Generated by Android Studio on 11/30/19 10:27 AM" name="MecanumDriveTest (2)">
    <count name="total" value="2"/>
    <count name="passed" value="2"/>
    <config nameIsGenerated="true" configId="AndroidJUnit" name="MecanumDriveTest (2)">
        <module name="TeamCode"/>
        <extension name="coverage">
            <pattern>
                <option name="PATTERN" value="org.firstinspires.ftc.teamcode.AtticFanatics2020SeasonPrograms.Referenced.Autonomous.*"/>
                <option name="ENABLED" value="true"/>
            </pattern>
        </extension>
        <option name="PACKAGE_NAME" value="org.firstinspires.ftc.teamcode.AtticFanatics2020SeasonPrograms.Referenced.Autonomous"/>
        <option name="MAIN_CLASS_NAME" value="org.firstinspires.ftc.teamcode.AtticFanatics2020SeasonPrograms.Referenced.Autonomous.MecanumDriveTest"/>
        <option name="TEST_OBJECT" value="class"/>
        <option name="WORKING_DIRECTORY" value="$MODULE_DIR$"/>
    </config>
    <suite duration="7" locationUrl="java:suite://org.firstinspires.ftc.teamcode.AtticFanatics2020SeasonPrograms.Referenced.Autonomous.MecanumDriveTest" name="MecanumDriveTest" status="passed">
        <test duration="7" locationUrl="java:test://org.firstinspires.ftc.teamcode.AtticFanatics2020SeasonPrograms.Referenced.Autonomous.MecanumDriveTest/hookFoundation" name="hookFoundation()" metainfo="" status="passed"/>
        <test locationUrl="java:test://org.firstinspires.ftc.teamcode.AtticFanatics2020SeasonPrograms.Referenced.Autonomous.MecanumDriveTest/unhookFoundation" name="unhookFoundation()" metainfo="" status="passed"/>
    </suite>
</testrun>
